<?xml version="1.0" encoding="UTF-8"?>
<!-- Generated by org.testng.reporters.JUnitXMLReporter -->
<testsuite ignored="0" hostname="DESKTOP-G975KIH" failures="1" tests="3" name="Test" time="0.395" errors="0" timestamp="2023-08-30T17:06:04 IST">
  <testcase classname="Testcov.runnerclass345" name="test1" time="0.026"/>
  <testcase classname="Testcov.runnerclass345" name="test2" time="0.06">
    <failure type="java.lang.AssertionError" message="null">
      <![CDATA[java.lang.AssertionError: null
at Testcov.runnerclass345.test2(runnerclass345.java:19)
at java.base/java.util.ArrayList.forEach(ArrayList.java:1511)
... Removed 29 stack frames]]>
    </failure>
  </testcase> <!-- test2 -->
  <testcase classname="Testcov.runnerclass345" name="test3" time="0.0">
    <skipped/>
  </testcase> <!-- test3 -->
</testsuite> <!-- Test -->
